#
# A fatal error has been detected by the Java Runtime Environment:
#
#  Internal Error (./open/src/hotspot/share/runtime/vmThread.cpp:680), pid=3796, tid=5896
#  fatal error: Nested VM operation CollectForMetadataAllocation requested by operation ChangeBreakpoints
#
# JRE version: Java(TM) SE Runtime Environment 18.9 (11.0.10+8) (build 11.0.10+8-LTS-162)
# Java VM: Java HotSpot(TM) 64-Bit Server VM 18.9 (11.0.10+8-LTS-162, mixed mode, tiered, compressed oops, g1 gc, windows-amd64)
# No core dump will be written. Minidumps are not enabled by default on client versions of Windows
#
# If you would like to submit a bug report, please visit:
#   https://bugreport.java.com/bugreport/crash.jsp
#

---------------  S U M M A R Y ------------

Command Line: -agentlib:jdwp=transport=dt_socket,address=127.0.0.1:52077,suspend=y,server=n -XX:TieredStopAtLevel=1 -Xverify:none -Dspring.output.ansi.enabled=always -javaagent:C:\Users\Diogo\AppData\Local\JetBrains\IntelliJIdea2021.1\captureAgent\debugger-agent.jar -Dcom.sun.management.jmxremote -Dspring.jmx.enabled=true -Dspring.liveBeansView.mbeanDomain -Dspring.application.admin.enabled=true -Dfile.encoding=UTF-8 br.com.zup.PropostaApplication

Host: Intel(R) Core(TM) i7-8665U CPU @ 1.90GHz, 8 cores, 15G,  Windows 10 , 64 bit Build 19041 (10.0.19041.928)
Time: Fri May  7 14:48:20 2021 Hora oficial do Brasil elapsed time: 15.378619 seconds (0d 0h 0m 15s)

---------------  T H R E A D  ---------------

Current thread (0x000001a92a9aa800):  VMThread "VM Thread" [stack: 0x0000007b5c400000,0x0000007b5c500000] [id=5896]

Stack: [0x0000007b5c400000,0x0000007b5c500000]
[error occurred during error reporting (printing stack bounds), id 0xc0000005, EXCEPTION_ACCESS_VIOLATION (0xc0000005) at pc=0x000001a90f4e0f2d]

Native frames: (J=compiled Java code, j=interpreted, Vv=VM code, C=native code)
V  [jvm.dll+0x613e6a]
V  [jvm.dll+0x74c1ff]
V  [jvm.dll+0x74d885]
V  [jvm.dll+0x74de65]
V  [jvm.dll+0x74de1b]
V  [jvm.dll+0x6136a3]
V  [jvm.dll+0x613a68]
C  [ntdll.dll+0xa217f]
C  [ntdll.dll+0x51454]
C  [ntdll.dll+0xa0cae]
C  0x000001a90f4e0f2d

VM_Operation (0x0000007b5ccff8d0): ChangeBreakpoints, mode: safepoint, requested by thread 0x000001a92b500800


---------------  P R O C E S S  ---------------

Threads class SMR info:
_java_thread_list=0x000001a92ece1c60, length=22, elements={
0x000001a907061800, 0x000001a92a9ad800, 0x000001a92a9b8800, 0x000001a92a9c7000,
0x000001a92a9c8000, 0x000001a92a9c9800, 0x000001a92b2b4800, 0x000001a92b47e800,
0x000001a92b500800, 0x000001a92b51e000, 0x000001a92b51f000, 0x000001a92bbce000,
0x000001a92bd64800, 0x000001a92bd91800, 0x000001a92cd4e000, 0x000001a92cd6b000,
0x000001a92eb3c000, 0x000001a92eb3a800, 0x000001a92eb3d000, 0x000001a92eb3d800,
0x000001a92eb3e800, 0x000001a92eb3f000
}

Java Threads: ( => current thread )
  0x000001a907061800 JavaThread "main" [_thread_blocked, id=1040, stack(0x0000007b5be00000,0x0000007b5bf00000)]
  0x000001a92a9ad800 JavaThread "Reference Handler" daemon [_thread_blocked, id=6624, stack(0x0000007b5c500000,0x0000007b5c600000)]
  0x000001a92a9b8800 JavaThread "Finalizer" daemon [_thread_blocked, id=9400, stack(0x0000007b5c600000,0x0000007b5c700000)]
  0x000001a92a9c7000 JavaThread "Signal Dispatcher" daemon [_thread_blocked, id=8640, stack(0x0000007b5c700000,0x0000007b5c800000)]
  0x000001a92a9c8000 JavaThread "Attach Listener" daemon [_thread_blocked, id=8976, stack(0x0000007b5c800000,0x0000007b5c900000)]
  0x000001a92a9c9800 JavaThread "C1 CompilerThread0" daemon [_thread_blocked, id=19284, stack(0x0000007b5c900000,0x0000007b5ca00000)]
  0x000001a92b2b4800 JavaThread "Sweeper thread" daemon [_thread_blocked, id=1548, stack(0x0000007b5ca00000,0x0000007b5cb00000)]
  0x000001a92b47e800 JavaThread "Common-Cleaner" daemon [_thread_blocked, id=16144, stack(0x0000007b5cb00000,0x0000007b5cc00000)]
  0x000001a92b500800 JavaThread "JDWP Transport Listener: dt_socket" daemon [_thread_blocked, id=3784, stack(0x0000007b5cc00000,0x0000007b5cd00000)]
  0x000001a92b51e000 JavaThread "JDWP Event Helper Thread" daemon [_thread_blocked, id=12332, stack(0x0000007b5cd00000,0x0000007b5ce00000)]
  0x000001a92b51f000 JavaThread "JDWP Command Reader" daemon [_thread_in_native, id=15320, stack(0x0000007b5ce00000,0x0000007b5cf00000)]
  0x000001a92bbce000 JavaThread "Service Thread" daemon [_thread_blocked, id=14664, stack(0x0000007b5cf00000,0x0000007b5d000000)]
  0x000001a92bd64800 JavaThread "SeedGenerator Thread" daemon [_thread_blocked, id=15024, stack(0x0000007b5d000000,0x0000007b5d100000)]
  0x000001a92bd91800 JavaThread "RMI TCP Accept-0" daemon [_thread_in_native, id=16220, stack(0x0000007b5d300000,0x0000007b5d400000)]
  0x000001a92cd4e000 JavaThread "RMI TCP Connection(1)-192.168.0.180" daemon [_thread_in_native, id=17440, stack(0x0000007b5da00000,0x0000007b5db00000)]
  0x000001a92cd6b000 JavaThread "RMI Scheduler(0)" daemon [_thread_blocked, id=18216, stack(0x0000007b5d100000,0x0000007b5d200000)]
  0x000001a92eb3c000 JavaThread "Catalina-utility-1" [_thread_blocked, id=10244, stack(0x0000007b5db00000,0x0000007b5dc00000)]
  0x000001a92eb3a800 JavaThread "Catalina-utility-2" [_thread_blocked, id=2400, stack(0x0000007b5dd00000,0x0000007b5de00000)]
  0x000001a92eb3d000 JavaThread "container-0" [_thread_blocked, id=16320, stack(0x0000007b5de00000,0x0000007b5df00000)]
  0x000001a92eb3d800 JavaThread "mysql-cj-abandoned-connection-cleanup" daemon [_thread_blocked, id=19884, stack(0x0000007b5df00000,0x0000007b5e000000)]
  0x000001a92eb3e800 JavaThread "HikariPool-1 housekeeper" daemon [_thread_blocked, id=16864, stack(0x0000007b5dc00000,0x0000007b5dd00000)]
  0x000001a92eb3f000 JavaThread "HikariPool-1 connection adder" daemon [_thread_blocked, id=12148, stack(0x0000007b5e300000,0x0000007b5e400000)]

Other Threads:
=>0x000001a92a9aa800 VMThread "VM Thread" [stack: 0x0000007b5c400000,0x0000007b5c500000] [id=5896]
  0x000001a92bd9a000 WatcherThread [stack: 0x0000007b5d400000,0x0000007b5d500000] [id=7036]
  0x000001a907076000 GCTaskThread "GC Thread#0" [stack: 0x0000007b5bf00000,0x0000007b5c000000] [id=11404]
  0x000001a92bdd4800 GCTaskThread "GC Thread#1" [stack: 0x0000007b5d200000,0x0000007b5d300000] [id=19836]
  0x000001a92bdd5800 GCTaskThread "GC Thread#2" [stack: 0x0000007b5d500000,0x0000007b5d600000] [id=17952]
  0x000001a92bd84000 GCTaskThread "GC Thread#3" [stack: 0x0000007b5d600000,0x0000007b5d700000] [id=12792]
  0x000001a92bd85000 GCTaskThread "GC Thread#4" [stack: 0x0000007b5d700000,0x0000007b5d800000] [id=8648]
  0x000001a92be4a000 GCTaskThread "GC Thread#5" [stack: 0x0000007b5d800000,0x0000007b5d900000] [id=3884]
  0x000001a92bed3000 GCTaskThread "GC Thread#6" [stack: 0x0000007b5e100000,0x0000007b5e200000] [id=17392]
  0x000001a92bed4000 GCTaskThread "GC Thread#7" [stack: 0x0000007b5e200000,0x0000007b5e300000] [id=11916]
  0x000001a9070d1800 ConcurrentGCThread "G1 Main Marker" [stack: 0x0000007b5c000000,0x0000007b5c100000] [id=6432]
  0x000001a9070d3800 ConcurrentGCThread "G1 Conc#0" [stack: 0x0000007b5c100000,0x0000007b5c200000] [id=4644]
  0x000001a92bed6000 ConcurrentGCThread "G1 Conc#1" [stack: 0x0000007b5d900000,0x0000007b5da00000] [id=19364]
  0x000001a92a891800 ConcurrentGCThread "G1 Refine#0" [stack: 0x0000007b5c200000,0x0000007b5c300000] [id=15728]
  0x000001a92a893800 ConcurrentGCThread "G1 Young RemSet Sampling" [stack: 0x0000007b5c300000,0x0000007b5c400000] [id=19932]

Threads with active compile tasks:

VM state:at safepoint (normal execution)

VM Mutex/Monitor currently owned by a thread:  ([mutex/lock_event])
[0x000001a90705e940] Threads_lock - owner thread: 0x000001a92a9aa800

Heap address: 0x0000000703800000, size: 4040 MB, Compressed Oops mode: Zero based, Oop shift amount: 3
Narrow klass base: 0x0000000800000000, Narrow klass shift: 0
Compressed class space size: 1073741824 Address: 0x0000000800000000

Heap:
 garbage-first heap   total 260096K, used 113620K [0x0000000703800000, 0x0000000800000000)
  region size 1024K, 103 young (105472K), 15 survivors (15360K)
 Metaspace       used 58037K, capacity 59628K, committed 59648K, reserved 1101824K
  class space    used 7580K, capacity 8190K, committed 8192K, reserved 1048576K
Heap Regions: E=young(eden), S=young(survivor), O=old, HS=humongous(starts), HC=humongous(continues), CS=collection set, F=free, A=archive, TAMS=top-at-mark-start (previous, next)
|   0|0x0000000703800000, 0x0000000703900000, 0x0000000703900000|100%|HS|  |TAMS 0x0000000703900000, 0x0000000703800000| Complete 
|   1|0x0000000703900000, 0x0000000703a00000, 0x0000000703a00000|100%| O|  |TAMS 0x0000000703a00000, 0x0000000703900000| Untracked 
|   2|0x0000000703a00000, 0x0000000703b00000, 0x0000000703b00000|100%| O|  |TAMS 0x0000000703b00000, 0x0000000703a00000| Untracked 
|   3|0x0000000703b00000, 0x0000000703c00000, 0x0000000703c00000|100%| O|  |TAMS 0x0000000703c00000, 0x0000000703b00000| Untracked 
|   4|0x0000000703c00000, 0x0000000703d00000, 0x0000000703d00000|100%| O|  |TAMS 0x0000000703d00000, 0x0000000703c00000| Untracked 
|   5|0x0000000703d00000, 0x0000000703e00000, 0x0000000703e00000|100%| O|  |TAMS 0x0000000703e00000, 0x0000000703d00000| Untracked 
|   6|0x0000000703e00000, 0x0000000703f00000, 0x0000000703f00000|100%| O|  |TAMS 0x0000000703f00000, 0x0000000703e00000| Untracked 
|   7|0x0000000703f00000, 0x0000000704000000, 0x0000000704000000|100%| O|  |TAMS 0x0000000703fdb600, 0x0000000703f00000| Untracked 
|   8|0x0000000704000000, 0x0000000704000000, 0x0000000704100000|  0%| F|  |TAMS 0x0000000704000000, 0x0000000704000000| Untracked 
|   9|0x0000000704100000, 0x0000000704200000, 0x0000000704200000|100%| O|  |TAMS 0x0000000704100000, 0x0000000704100000| Untracked 
|  10|0x0000000704200000, 0x000000070424ca00, 0x0000000704300000| 29%| O|  |TAMS 0x0000000704200000, 0x0000000704200000| Untracked 
|  11|0x0000000704300000, 0x0000000704300000, 0x0000000704400000|  0%| F|  |TAMS 0x0000000704300000, 0x0000000704300000| Untracked 
|  12|0x0000000704400000, 0x0000000704400000, 0x0000000704500000|  0%| F|  |TAMS 0x0000000704400000, 0x0000000704400000| Untracked 
|  13|0x0000000704500000, 0x0000000704500000, 0x0000000704600000|  0%| F|  |TAMS 0x0000000704500000, 0x0000000704500000| Untracked 
|  14|0x0000000704600000, 0x0000000704600000, 0x0000000704700000|  0%| F|  |TAMS 0x0000000704600000, 0x0000000704600000| Untracked 
|  15|0x0000000704700000, 0x0000000704700000, 0x0000000704800000|  0%| F|  |TAMS 0x0000000704700000, 0x0000000704700000| Untracked 
|  16|0x0000000704800000, 0x0000000704800000, 0x0000000704900000|  0%| F|  |TAMS 0x0000000704800000, 0x0000000704800000| Untracked 
|  17|0x0000000704900000, 0x0000000704900000, 0x0000000704a00000|  0%| F|  |TAMS 0x0000000704900000, 0x0000000704900000| Untracked 
|  18|0x0000000704a00000, 0x0000000704a00000, 0x0000000704b00000|  0%| F|  |TAMS 0x0000000704a00000, 0x0000000704a00000| Untracked 
|  19|0x0000000704b00000, 0x0000000704b00000, 0x0000000704c00000|  0%| F|  |TAMS 0x0000000704b00000, 0x0000000704b00000| Untracked 
|  20|0x0000000704c00000, 0x0000000704c00000, 0x0000000704d00000|  0%| F|  |TAMS 0x0000000704c00000, 0x0000000704c00000| Untracked 
|  21|0x0000000704d00000, 0x0000000704d00000, 0x0000000704e00000|  0%| F|  |TAMS 0x0000000704d00000, 0x0000000704d00000| Untracked 
|  22|0x0000000704e00000, 0x0000000704e00000, 0x0000000704f00000|  0%| F|  |TAMS 0x0000000704e00000, 0x0000000704e00000| Untracked 
|  23|0x0000000704f00000, 0x0000000704f00000, 0x0000000705000000|  0%| F|  |TAMS 0x0000000704f00000, 0x0000000704f00000| Untracked 
|  24|0x0000000705000000, 0x0000000705000000, 0x0000000705100000|  0%| F|  |TAMS 0x0000000705000000, 0x0000000705000000| Untracked 
|  25|0x0000000705100000, 0x0000000705100000, 0x0000000705200000|  0%| F|  |TAMS 0x0000000705100000, 0x0000000705100000| Untracked 
|  26|0x0000000705200000, 0x0000000705200000, 0x0000000705300000|  0%| F|  |TAMS 0x0000000705200000, 0x0000000705200000| Untracked 
|  27|0x0000000705300000, 0x0000000705300000, 0x0000000705400000|  0%| F|  |TAMS 0x0000000705300000, 0x0000000705300000| Untracked 
|  28|0x0000000705400000, 0x0000000705400000, 0x0000000705500000|  0%| F|  |TAMS 0x0000000705400000, 0x0000000705400000| Untracked 
|  29|0x0000000705500000, 0x0000000705500000, 0x0000000705600000|  0%| F|  |TAMS 0x0000000705500000, 0x0000000705500000| Untracked 
|  30|0x0000000705600000, 0x0000000705600000, 0x0000000705700000|  0%| F|  |TAMS 0x0000000705600000, 0x0000000705600000| Untracked 
|  31|0x0000000705700000, 0x0000000705700000, 0x0000000705800000|  0%| F|  |TAMS 0x0000000705700000, 0x0000000705700000| Untracked 
|  32|0x0000000705800000, 0x0000000705800000, 0x0000000705900000|  0%| F|  |TAMS 0x0000000705800000, 0x0000000705800000| Untracked 
|  33|0x0000000705900000, 0x0000000705900000, 0x0000000705a00000|  0%| F|  |TAMS 0x0000000705900000, 0x0000000705900000| Untracked 
|  34|0x0000000705a00000, 0x0000000705a00000, 0x0000000705b00000|  0%| F|  |TAMS 0x0000000705a00000, 0x0000000705a00000| Untracked 
|  35|0x0000000705b00000, 0x0000000705b00000, 0x0000000705c00000|  0%| F|  |TAMS 0x0000000705b00000, 0x0000000705b00000| Untracked 
|  36|0x0000000705c00000, 0x0000000705c00000, 0x0000000705d00000|  0%| F|  |TAMS 0x0000000705c00000, 0x0000000705c00000| Untracked 
|  37|0x0000000705d00000, 0x0000000705d00000, 0x0000000705e00000|  0%| F|  |TAMS 0x0000000705d00000, 0x0000000705d00000| Untracked 
|  38|0x0000000705e00000, 0x0000000705e00000, 0x0000000705f00000|  0%| F|  |TAMS 0x0000000705e00000, 0x0000000705e00000| Untracked 
|  39|0x0000000705f00000, 0x0000000705f00000, 0x0000000706000000|  0%| F|  |TAMS 0x0000000705f00000, 0x0000000705f00000| Untracked 
|  40|0x0000000706000000, 0x0000000706000000, 0x0000000706100000|  0%| F|  |TAMS 0x0000000706000000, 0x0000000706000000| Untracked 
|  41|0x0000000706100000, 0x0000000706100000, 0x0000000706200000|  0%| F|  |TAMS 0x0000000706100000, 0x0000000706100000| Untracked 
|  42|0x0000000706200000, 0x0000000706200000, 0x0000000706300000|  0%| F|  |TAMS 0x0000000706200000, 0x0000000706200000| Untracked 
|  43|0x0000000706300000, 0x0000000706300000, 0x0000000706400000|  0%| F|  |TAMS 0x0000000706300000, 0x0000000706300000| Untracked 
|  44|0x0000000706400000, 0x0000000706400000, 0x0000000706500000|  0%| F|  |TAMS 0x0000000706400000, 0x0000000706400000| Untracked 
|  45|0x0000000706500000, 0x0000000706500000, 0x0000000706600000|  0%| F|  |TAMS 0x0000000706500000, 0x0000000706500000| Untracked 
|  46|0x0000000706600000, 0x0000000706600000, 0x0000000706700000|  0%| F|  |TAMS 0x0000000706600000, 0x0000000706600000| Untracked 
|  47|0x0000000706700000, 0x0000000706700000, 0x0000000706800000|  0%| F|  |TAMS 0x0000000706700000, 0x0000000706700000| Untracked 
|  48|0x0000000706800000, 0x0000000706800000, 0x0000000706900000|  0%| F|  |TAMS 0x0000000706800000, 0x0000000706800000| Untracked 
|  49|0x0000000706900000, 0x0000000706900000, 0x0000000706a00000|  0%| F|  |TAMS 0x0000000706900000, 0x0000000706900000| Untracked 
|  50|0x0000000706a00000, 0x0000000706a00000, 0x0000000706b00000|  0%| F|  |TAMS 0x0000000706a00000, 0x0000000706a00000| Untracked 
|  51|0x0000000706b00000, 0x0000000706b00000, 0x0000000706c00000|  0%| F|  |TAMS 0x0000000706b00000, 0x0000000706b00000| Untracked 
|  52|0x0000000706c00000, 0x0000000706c00000, 0x0000000706d00000|  0%| F|  |TAMS 0x0000000706c00000, 0x0000000706c00000| Untracked 
|  53|0x0000000706d00000, 0x0000000706d00000, 0x0000000706e00000|  0%| F|  |TAMS 0x0000000706d00000, 0x0000000706d00000| Untracked 
|  54|0x0000000706e00000, 0x0000000706e00000, 0x0000000706f00000|  0%| F|  |TAMS 0x0000000706e00000, 0x0000000706e00000| Untracked 
|  55|0x0000000706f00000, 0x0000000706f00000, 0x0000000707000000|  0%| F|  |TAMS 0x0000000706f00000, 0x0000000706f00000| Untracked 
|  56|0x0000000707000000, 0x0000000707000000, 0x0000000707100000|  0%| F|  |TAMS 0x0000000707000000, 0x0000000707000000| Untracked 
|  57|0x0000000707100000, 0x0000000707100000, 0x0000000707200000|  0%| F|  |TAMS 0x0000000707100000, 0x0000000707100000| Untracked 
|  58|0x0000000707200000, 0x0000000707200000, 0x0000000707300000|  0%| F|  |TAMS 0x0000000707200000, 0x0000000707200000| Untracked 
|  59|0x0000000707300000, 0x0000000707300000, 0x0000000707400000|  0%| F|  |TAMS 0x0000000707300000, 0x0000000707300000| Untracked 
|  60|0x0000000707400000, 0x0000000707400000, 0x0000000707500000|  0%| F|  |TAMS 0x0000000707400000, 0x0000000707400000| Untracked 
|  61|0x0000000707500000, 0x0000000707500000, 0x0000000707600000|  0%| F|  |TAMS 0x0000000707500000, 0x0000000707500000| Untracked 
|  62|0x0000000707600000, 0x0000000707600000, 0x0000000707700000|  0%| F|  |TAMS 0x0000000707600000, 0x0000000707600000| Untracked 
|  63|0x0000000707700000, 0x0000000707700000, 0x0000000707800000|  0%| F|  |TAMS 0x0000000707700000, 0x0000000707700000| Untracked 
|  64|0x0000000707800000, 0x0000000707800000, 0x0000000707900000|  0%| F|  |TAMS 0x0000000707800000, 0x0000000707800000| Untracked 
|  65|0x0000000707900000, 0x0000000707900000, 0x0000000707a00000|  0%| F|  |TAMS 0x0000000707900000, 0x0000000707900000| Untracked 
|  66|0x0000000707a00000, 0x0000000707a00000, 0x0000000707b00000|  0%| F|  |TAMS 0x0000000707a00000, 0x0000000707a00000| Untracked 
|  67|0x0000000707b00000, 0x0000000707b00000, 0x0000000707c00000|  0%| F|  |TAMS 0x0000000707b00000, 0x0000000707b00000| Untracked 
|  68|0x0000000707c00000, 0x0000000707c00000, 0x0000000707d00000|  0%| F|  |TAMS 0x0000000707c00000, 0x0000000707c00000| Untracked 
|  69|0x0000000707d00000, 0x0000000707d00000, 0x0000000707e00000|  0%| F|  |TAMS 0x0000000707d00000, 0x0000000707d00000| Untracked 
|  70|0x0000000707e00000, 0x0000000707e00000, 0x0000000707f00000|  0%| F|  |TAMS 0x0000000707e00000, 0x0000000707e00000| Untracked 
|  71|0x0000000707f00000, 0x0000000707f00000, 0x0000000708000000|  0%| F|  |TAMS 0x0000000707f00000, 0x0000000707f00000| Untracked 
|  72|0x0000000708000000, 0x0000000708000000, 0x0000000708100000|  0%| F|  |TAMS 0x0000000708000000, 0x0000000708000000| Untracked 
|  73|0x0000000708100000, 0x0000000708100000, 0x0000000708200000|  0%| F|  |TAMS 0x0000000708100000, 0x0000000708100000| Untracked 
|  74|0x0000000708200000, 0x0000000708200000, 0x0000000708300000|  0%| F|  |TAMS 0x0000000708200000, 0x0000000708200000| Untracked 
|  75|0x0000000708300000, 0x0000000708300000, 0x0000000708400000|  0%| F|  |TAMS 0x0000000708300000, 0x0000000708300000| Untracked 
|  76|0x0000000708400000, 0x0000000708400000, 0x0000000708500000|  0%| F|  |TAMS 0x0000000708400000, 0x0000000708400000| Untracked 
|  77|0x0000000708500000, 0x0000000708500000, 0x0000000708600000|  0%| F|  |TAMS 0x0000000708500000, 0x0000000708500000| Untracked 
|  78|0x0000000708600000, 0x0000000708600000, 0x0000000708700000|  0%| F|  |TAMS 0x0000000708600000, 0x0000000708600000| Untracked 
|  79|0x0000000708700000, 0x0000000708700000, 0x0000000708800000|  0%| F|  |TAMS 0x0000000708700000, 0x0000000708700000| Untracked 
|  80|0x0000000708800000, 0x0000000708800000, 0x0000000708900000|  0%| F|  |TAMS 0x0000000708800000, 0x0000000708800000| Untracked 
|  81|0x0000000708900000, 0x0000000708900000, 0x0000000708a00000|  0%| F|  |TAMS 0x0000000708900000, 0x0000000708900000| Untracked 
|  82|0x0000000708a00000, 0x0000000708a00000, 0x0000000708b00000|  0%| F|  |TAMS 0x0000000708a00000, 0x0000000708a00000| Untracked 
|  83|0x0000000708b00000, 0x0000000708b00000, 0x0000000708c00000|  0%| F|  |TAMS 0x0000000708b00000, 0x0000000708b00000| Untracked 
|  84|0x0000000708c00000, 0x0000000708c00000, 0x0000000708d00000|  0%| F|  |TAMS 0x0000000708c00000, 0x0000000708c00000| Untracked 
|  85|0x0000000708d00000, 0x0000000708d00000, 0x0000000708e00000|  0%| F|  |TAMS 0x0000000708d00000, 0x0000000708d00000| Untracked 
|  86|0x0000000708e00000, 0x0000000708e00000, 0x0000000708f00000|  0%| F|  |TAMS 0x0000000708e00000, 0x0000000708e00000| Untracked 
|  87|0x0000000708f00000, 0x0000000708fa8840, 0x0000000709000000| 65%| S|CS|TAMS 0x0000000708f00000, 0x0000000708f00000| Complete 
|  88|0x0000000709000000, 0x0000000709100000, 0x0000000709100000|100%| S|CS|TAMS 0x0000000709000000, 0x0000000709000000| Complete 
|  89|0x0000000709100000, 0x0000000709200000, 0x0000000709200000|100%| S|CS|TAMS 0x0000000709100000, 0x0000000709100000| Complete 
|  90|0x0000000709200000, 0x0000000709300000, 0x0000000709300000|100%| S|CS|TAMS 0x0000000709200000, 0x0000000709200000| Complete 
|  91|0x0000000709300000, 0x0000000709400000, 0x0000000709400000|100%| S|CS|TAMS 0x0000000709300000, 0x0000000709300000| Complete 
|  92|0x0000000709400000, 0x0000000709500000, 0x0000000709500000|100%| S|CS|TAMS 0x0000000709400000, 0x0000000709400000| Complete 
|  93|0x0000000709500000, 0x0000000709600000, 0x0000000709600000|100%| S|CS|TAMS 0x0000000709500000, 0x0000000709500000| Complete 
|  94|0x0000000709600000, 0x0000000709700000, 0x0000000709700000|100%| S|CS|TAMS 0x0000000709600000, 0x0000000709600000| Complete 
|  95|0x0000000709700000, 0x0000000709800000, 0x0000000709800000|100%| S|CS|TAMS 0x0000000709700000, 0x0000000709700000| Complete 
|  96|0x0000000709800000, 0x0000000709900000, 0x0000000709900000|100%| S|CS|TAMS 0x0000000709800000, 0x0000000709800000| Complete 
|  97|0x0000000709900000, 0x0000000709a00000, 0x0000000709a00000|100%| S|CS|TAMS 0x0000000709900000, 0x0000000709900000| Complete 
|  98|0x0000000709a00000, 0x0000000709b00000, 0x0000000709b00000|100%| S|CS|TAMS 0x0000000709a00000, 0x0000000709a00000| Complete 
|  99|0x0000000709b00000, 0x0000000709c00000, 0x0000000709c00000|100%| S|CS|TAMS 0x0000000709b00000, 0x0000000709b00000| Complete 
| 100|0x0000000709c00000, 0x0000000709d00000, 0x0000000709d00000|100%| S|CS|TAMS 0x0000000709c00000, 0x0000000709c00000| Complete 
| 101|0x0000000709d00000, 0x0000000709e00000, 0x0000000709e00000|100%| S|CS|TAMS 0x0000000709d00000, 0x0000000709d00000| Complete 
| 102|0x0000000709e00000, 0x0000000709e00000, 0x0000000709f00000|  0%| F|  |TAMS 0x0000000709e00000, 0x0000000709e00000| Untracked 
| 103|0x0000000709f00000, 0x0000000709f00000, 0x000000070a000000|  0%| F|  |TAMS 0x0000000709f00000, 0x0000000709f00000| Untracked 
| 104|0x000000070a000000, 0x000000070a000000, 0x000000070a100000|  0%| F|  |TAMS 0x000000070a000000, 0x000000070a000000| Untracked 
| 105|0x000000070a100000, 0x000000070a100000, 0x000000070a200000|  0%| F|  |TAMS 0x000000070a100000, 0x000000070a100000| Untracked 
| 106|0x000000070a200000, 0x000000070a200000, 0x000000070a300000|  0%| F|  |TAMS 0x000000070a200000, 0x000000070a200000| Untracked 
| 107|0x000000070a300000, 0x000000070a300000, 0x000000070a400000|  0%| F|  |TAMS 0x000000070a300000, 0x000000070a300000| Untracked 
| 108|0x000000070a400000, 0x000000070a400000, 0x000000070a500000|  0%| F|  |TAMS 0x000000070a400000, 0x000000070a400000| Untracked 
| 109|0x000000070a500000, 0x000000070a500000, 0x000000070a600000|  0%| F|  |TAMS 0x000000070a500000, 0x000000070a500000| Untracked 
| 110|0x000000070a600000, 0x000000070a600000, 0x000000070a700000|  0%| F|  |TAMS 0x000000070a600000, 0x000000070a600000| Untracked 
| 111|0x000000070a700000, 0x000000070a700000, 0x000000070a800000|  0%| F|  |TAMS 0x000000070a700000, 0x000000070a700000| Untracked 
| 112|0x000000070a800000, 0x000000070a800000, 0x000000070a900000|  0%| F|  |TAMS 0x000000070a800000, 0x000000070a800000| Untracked 
| 113|0x000000070a900000, 0x000000070a900000, 0x000000070aa00000|  0%| F|  |TAMS 0x000000070a900000, 0x000000070a900000| Untracked 
| 114|0x000000070aa00000, 0x000000070aa00000, 0x000000070ab00000|  0%| F|  |TAMS 0x000000070aa00000, 0x000000070aa00000| Untracked 
| 115|0x000000070ab00000, 0x000000070ab00000, 0x000000070ac00000|  0%| F|  |TAMS 0x000000070ab00000, 0x000000070ab00000| Untracked 
| 116|0x000000070ac00000, 0x000000070ac00000, 0x000000070ad00000|  0%| F|  |TAMS 0x000000070ac00000, 0x000000070ac00000| Untracked 
| 117|0x000000070ad00000, 0x000000070ad00000, 0x000000070ae00000|  0%| F|  |TAMS 0x000000070ad00000, 0x000000070ad00000| Untracked 
| 118|0x000000070ae00000, 0x000000070ae00000, 0x000000070af00000|  0%| F|  |TAMS 0x000000070ae00000, 0x000000070ae00000| Untracked 
| 119|0x000000070af00000, 0x000000070af00000, 0x000000070b000000|  0%| F|  |TAMS 0x000000070af00000, 0x000000070af00000| Untracked 
| 120|0x000000070b000000, 0x000000070b000000, 0x000000070b100000|  0%| F|  |TAMS 0x000000070b000000, 0x000000070b000000| Untracked 
| 121|0x000000070b100000, 0x000000070b100000, 0x000000070b200000|  0%| F|  |TAMS 0x000000070b100000, 0x000000070b100000| Untracked 
| 122|0x000000070b200000, 0x000000070b200000, 0x000000070b300000|  0%| F|  |TAMS 0x000000070b200000, 0x000000070b200000| Untracked 
| 123|0x000000070b300000, 0x000000070b300000, 0x000000070b400000|  0%| F|  |TAMS 0x000000070b300000, 0x000000070b300000| Untracked 
| 124|0x000000070b400000, 0x000000070b400000, 0x000000070b500000|  0%| F|  |TAMS 0x000000070b400000, 0x000000070b400000| Untracked 
| 125|0x000000070b500000, 0x000000070b500000, 0x000000070b600000|  0%| F|  |TAMS 0x000000070b500000, 0x000000070b500000| Untracked 
| 126|0x000000070b600000, 0x000000070b600000, 0x000000070b700000|  0%| F|  |TAMS 0x000000070b600000, 0x000000070b600000| Untracked 
| 127|0x000000070b700000, 0x000000070b700000, 0x000000070b800000|  0%| F|  |TAMS 0x000000070b700000, 0x000000070b700000| Untracked 
| 128|0x000000070b800000, 0x000000070b800000, 0x000000070b900000|  0%| F|  |TAMS 0x000000070b800000, 0x000000070b800000| Untracked 
| 129|0x000000070b900000, 0x000000070b900000, 0x000000070ba00000|  0%| F|  |TAMS 0x000000070b900000, 0x000000070b900000| Untracked 
| 130|0x000000070ba00000, 0x000000070ba00000, 0x000000070bb00000|  0%| F|  |TAMS 0x000000070ba00000, 0x000000070ba00000| Untracked 
| 131|0x000000070bb00000, 0x000000070bb00000, 0x000000070bc00000|  0%| F|  |TAMS 0x000000070bb00000, 0x000000070bb00000| Untracked 
| 132|0x000000070bc00000, 0x000000070bc00000, 0x000000070bd00000|  0%| F|  |TAMS 0x000000070bc00000, 0x000000070bc00000| Untracked 
| 133|0x000000070bd00000, 0x000000070bd00000, 0x000000070be00000|  0%| F|  |TAMS 0x000000070bd00000, 0x000000070bd00000| Untracked 
| 134|0x000000070be00000, 0x000000070be00000, 0x000000070bf00000|  0%| F|  |TAMS 0x000000070be00000, 0x000000070be00000| Untracked 
| 135|0x000000070bf00000, 0x000000070bf00000, 0x000000070c000000|  0%| F|  |TAMS 0x000000070bf00000, 0x000000070bf00000| Untracked 
| 136|0x000000070c000000, 0x000000070c000000, 0x000000070c100000|  0%| F|  |TAMS 0x000000070c000000, 0x000000070c000000| Untracked 
| 137|0x000000070c100000, 0x000000070c100000, 0x000000070c200000|  0%| F|  |TAMS 0x000000070c100000, 0x000000070c100000| Untracked 
| 138|0x000000070c200000, 0x000000070c200000, 0x000000070c300000|  0%| F|  |TAMS 0x000000070c200000, 0x000000070c200000| Untracked 
| 139|0x000000070c300000, 0x000000070c300000, 0x000000070c400000|  0%| F|  |TAMS 0x000000070c300000, 0x000000070c300000| Untracked 
| 140|0x000000070c400000, 0x000000070c400000, 0x000000070c500000|  0%| F|  |TAMS 0x000000070c400000, 0x000000070c400000| Untracked 
| 141|0x000000070c500000, 0x000000070c500000, 0x000000070c600000|  0%| F|  |TAMS 0x000000070c500000, 0x000000070c500000| Untracked 
| 142|0x000000070c600000, 0x000000070c600000, 0x000000070c700000|  0%| F|  |TAMS 0x000000070c600000, 0x000000070c600000| Untracked 
| 143|0x000000070c700000, 0x000000070c700000, 0x000000070c800000|  0%| F|  |TAMS 0x000000070c700000, 0x000000070c700000| Untracked 
| 144|0x000000070c800000, 0x000000070c800000, 0x000000070c900000|  0%| F|  |TAMS 0x000000070c800000, 0x000000070c800000| Untracked 
| 145|0x000000070c900000, 0x000000070c900000, 0x000000070ca00000|  0%| F|  |TAMS 0x000000070c900000, 0x000000070c900000| Untracked 
| 146|0x000000070ca00000, 0x000000070ca00000, 0x000000070cb00000|  0%| F|  |TAMS 0x000000070ca00000, 0x000000070ca00000| Untracked 
| 147|0x000000070cb00000, 0x000000070cb00000, 0x000000070cc00000|  0%| F|  |TAMS 0x000000070cb00000, 0x000000070cb00000| Untracked 
| 148|0x000000070cc00000, 0x000000070cc00000, 0x000000070cd00000|  0%| F|  |TAMS 0x000000070cc00000, 0x000000070cc00000| Untracked 
| 149|0x000000070cd00000, 0x000000070cd00000, 0x000000070ce00000|  0%| F|  |TAMS 0x000000070cd00000, 0x000000070cd00000| Untracked 
| 150|0x000000070ce00000, 0x000000070ce00000, 0x000000070cf00000|  0%| F|  |TAMS 0x000000070ce00000, 0x000000070ce00000| Untracked 
| 151|0x000000070cf00000, 0x000000070cf00000, 0x000000070d000000|  0%| F|  |TAMS 0x000000070cf00000, 0x000000070cf00000| Untracked 
| 152|0x000000070d000000, 0x000000070d000000, 0x000000070d100000|  0%| F|  |TAMS 0x000000070d000000, 0x000000070d000000| Untracked 
| 153|0x000000070d100000, 0x000000070d100000, 0x000000070d200000|  0%| F|  |TAMS 0x000000070d100000, 0x000000070d100000| Untracked 
| 154|0x000000070d200000, 0x000000070d200000, 0x000000070d300000|  0%| F|  |TAMS 0x000000070d200000, 0x000000070d200000| Untracked 
| 155|0x000000070d300000, 0x000000070d300000, 0x000000070d400000|  0%| F|  |TAMS 0x000000070d300000, 0x000000070d300000| Untracked 
| 156|0x000000070d400000, 0x000000070d400000, 0x000000070d500000|  0%| F|  |TAMS 0x000000070d400000, 0x000000070d400000| Untracked 
| 157|0x000000070d500000, 0x000000070d500000, 0x000000070d600000|  0%| F|  |TAMS 0x000000070d500000, 0x000000070d500000| Untracked 
| 158|0x000000070d600000, 0x000000070d600000, 0x000000070d700000|  0%| F|  |TAMS 0x000000070d600000, 0x000000070d600000| Untracked 
| 159|0x000000070d700000, 0x000000070d700000, 0x000000070d800000|  0%| F|  |TAMS 0x000000070d700000, 0x000000070d700000| Untracked 
| 160|0x000000070d800000, 0x000000070d800000, 0x000000070d900000|  0%| F|  |TAMS 0x000000070d800000, 0x000000070d800000| Untracked 
| 161|0x000000070d900000, 0x000000070d900000, 0x000000070da00000|  0%| F|  |TAMS 0x000000070d900000, 0x000000070d900000| Untracked 
| 162|0x000000070da00000, 0x000000070da00000, 0x000000070db00000|  0%| F|  |TAMS 0x000000070da00000, 0x000000070da00000| Untracked 
| 163|0x000000070db00000, 0x000000070db00000, 0x000000070dc00000|  0%| F|  |TAMS 0x000000070db00000, 0x000000070db00000| Untracked 
| 164|0x000000070dc00000, 0x000000070dc00000, 0x000000070dd00000|  0%| F|  |TAMS 0x000000070dc00000, 0x000000070dc00000| Untracked 
| 165|0x000000070dd00000, 0x000000070dd00000, 0x000000070de00000|  0%| F|  |TAMS 0x000000070dd00000, 0x000000070dd00000| Untracked 
| 166|0x000000070de00000, 0x000000070de80800, 0x000000070df00000| 50%| E|  |TAMS 0x000000070de00000, 0x000000070de00000| Complete 
| 167|0x000000070df00000, 0x000000070e000000, 0x000000070e000000|100%| E|CS|TAMS 0x000000070df00000, 0x000000070df00000| Complete 
| 168|0x000000070e000000, 0x000000070e100000, 0x000000070e100000|100%| E|CS|TAMS 0x000000070e000000, 0x000000070e000000| Complete 
| 169|0x000000070e100000, 0x000000070e200000, 0x000000070e200000|100%| E|CS|TAMS 0x000000070e100000, 0x000000070e100000| Complete 
| 170|0x000000070e200000, 0x000000070e300000, 0x000000070e300000|100%| E|CS|TAMS 0x000000070e200000, 0x000000070e200000| Complete 
| 171|0x000000070e300000, 0x000000070e400000, 0x000000070e400000|100%| E|CS|TAMS 0x000000070e300000, 0x000000070e300000| Complete 
| 172|0x000000070e400000, 0x000000070e500000, 0x000000070e500000|100%| E|CS|TAMS 0x000000070e400000, 0x000000070e400000| Complete 
| 173|0x000000070e500000, 0x000000070e600000, 0x000000070e600000|100%| E|CS|TAMS 0x000000070e500000, 0x000000070e500000| Complete 
| 174|0x000000070e600000, 0x000000070e700000, 0x000000070e700000|100%| E|CS|TAMS 0x000000070e600000, 0x000000070e600000| Complete 
| 175|0x000000070e700000, 0x000000070e800000, 0x000000070e800000|100%| E|CS|TAMS 0x000000070e700000, 0x000000070e700000| Complete 
| 176|0x000000070e800000, 0x000000070e900000, 0x000000070e900000|100%| E|CS|TAMS 0x000000070e800000, 0x000000070e800000| Complete 
| 177|0x000000070e900000, 0x000000070ea00000, 0x000000070ea00000|100%| E|CS|TAMS 0x000000070e900000, 0x000000070e900000| Complete 
| 178|0x000000070ea00000, 0x000000070eb00000, 0x000000070eb00000|100%| E|CS|TAMS 0x000000070ea00000, 0x000000070ea00000| Complete 
| 179|0x000000070eb00000, 0x000000070ec00000, 0x000000070ec00000|100%| E|CS|TAMS 0x000000070eb00000, 0x000000070eb00000| Complete 
| 180|0x000000070ec00000, 0x000000070ed00000, 0x000000070ed00000|100%| E|CS|TAMS 0x000000070ec00000, 0x000000070ec00000| Complete 
| 181|0x000000070ed00000, 0x000000070ee00000, 0x000000070ee00000|100%| E|CS|TAMS 0x000000070ed00000, 0x000000070ed00000| Complete 
| 182|0x000000070ee00000, 0x000000070ef00000, 0x000000070ef00000|100%| E|CS|TAMS 0x000000070ee00000, 0x000000070ee00000| Complete 
| 183|0x000000070ef00000, 0x000000070f000000, 0x000000070f000000|100%| E|CS|TAMS 0x000000070ef00000, 0x000000070ef00000| Complete 
| 184|0x000000070f000000, 0x000000070f100000, 0x000000070f100000|100%| E|CS|TAMS 0x000000070f000000, 0x000000070f000000| Complete 
| 185|0x000000070f100000, 0x000000070f200000, 0x000000070f200000|100%| E|CS|TAMS 0x000000070f100000, 0x000000070f100000| Complete 
| 186|0x000000070f200000, 0x000000070f300000, 0x000000070f300000|100%| E|CS|TAMS 0x000000070f200000, 0x000000070f200000| Complete 
| 187|0x000000070f300000, 0x000000070f400000, 0x000000070f400000|100%| E|CS|TAMS 0x000000070f300000, 0x000000070f300000| Complete 
| 188|0x000000070f400000, 0x000000070f500000, 0x000000070f500000|100%| E|CS|TAMS 0x000000070f400000, 0x000000070f400000| Complete 
| 189|0x000000070f500000, 0x000000070f600000, 0x000000070f600000|100%| E|CS|TAMS 0x000000070f500000, 0x000000070f500000| Complete 
| 190|0x000000070f600000, 0x000000070f700000, 0x000000070f700000|100%| E|CS|TAMS 0x000000070f600000, 0x000000070f600000| Complete 
| 191|0x000000070f700000, 0x000000070f800000, 0x000000070f800000|100%| E|CS|TAMS 0x000000070f700000, 0x000000070f700000| Complete 
| 192|0x000000070f800000, 0x000000070f900000, 0x000000070f900000|100%| E|CS|TAMS 0x000000070f800000, 0x000000070f800000| Complete 
| 193|0x000000070f900000, 0x000000070fa00000, 0x000000070fa00000|100%| E|CS|TAMS 0x000000070f900000, 0x000000070f900000| Complete 
| 194|0x000000070fa00000, 0x000000070fb00000, 0x000000070fb00000|100%| E|CS|TAMS 0x000000070fa00000, 0x000000070fa00000| Complete 
| 195|0x000000070fb00000, 0x000000070fc00000, 0x000000070fc00000|100%| E|CS|TAMS 0x000000070fb00000, 0x000000070fb00000| Complete 
| 196|0x000000070fc00000, 0x000000070fd00000, 0x000000070fd00000|100%| E|CS|TAMS 0x000000070fc00000, 0x000000070fc00000| Complete 
| 197|0x000000070fd00000, 0x000000070fe00000, 0x000000070fe00000|100%| E|CS|TAMS 0x000000070fd00000, 0x000000070fd00000| Complete 
| 198|0x000000070fe00000, 0x000000070ff00000, 0x000000070ff00000|100%| E|CS|TAMS 0x000000070fe00000, 0x000000070fe00000| Complete 
| 199|0x000000070ff00000, 0x0000000710000000, 0x0000000710000000|100%| E|CS|TAMS 0x000000070ff00000, 0x000000070ff00000| Complete 
| 200|0x0000000710000000, 0x0000000710100000, 0x0000000710100000|100%| E|CS|TAMS 0x0000000710000000, 0x0000000710000000| Complete 
| 201|0x0000000710100000, 0x0000000710200000, 0x0000000710200000|100%| E|CS|TAMS 0x0000000710100000, 0x0000000710100000| Complete 
| 202|0x0000000710200000, 0x0000000710300000, 0x0000000710300000|100%| E|CS|TAMS 0x0000000710200000, 0x0000000710200000| Complete 
| 203|0x0000000710300000, 0x0000000710400000, 0x0000000710400000|100%| E|CS|TAMS 0x0000000710300000, 0x0000000710300000| Complete 
| 204|0x0000000710400000, 0x0000000710500000, 0x0000000710500000|100%| E|CS|TAMS 0x0000000710400000, 0x0000000710400000| Complete 
| 205|0x0000000710500000, 0x0000000710600000, 0x0000000710600000|100%| E|CS|TAMS 0x0000000710500000, 0x0000000710500000| Complete 
| 206|0x0000000710600000, 0x0000000710700000, 0x0000000710700000|100%| E|CS|TAMS 0x0000000710600000, 0x0000000710600000| Complete 
| 207|0x0000000710700000, 0x0000000710800000, 0x0000000710800000|100%| E|CS|TAMS 0x0000000710700000, 0x0000000710700000| Complete 
| 208|0x0000000710800000, 0x0000000710900000, 0x0000000710900000|100%| E|CS|TAMS 0x0000000710800000, 0x0000000710800000| Complete 
| 209|0x0000000710900000, 0x0000000710a00000, 0x0000000710a00000|100%| E|CS|TAMS 0x0000000710900000, 0x0000000710900000| Complete 
| 210|0x0000000710a00000, 0x0000000710b00000, 0x0000000710b00000|100%| E|CS|TAMS 0x0000000710a00000, 0x0000000710a00000| Complete 
| 211|0x0000000710b00000, 0x0000000710c00000, 0x0000000710c00000|100%| E|CS|TAMS 0x0000000710b00000, 0x0000000710b00000| Complete 
| 212|0x0000000710c00000, 0x0000000710d00000, 0x0000000710d00000|100%| E|CS|TAMS 0x0000000710c00000, 0x0000000710c00000| Complete 
| 213|0x0000000710d00000, 0x0000000710e00000, 0x0000000710e00000|100%| E|CS|TAMS 0x0000000710d00000, 0x0000000710d00000| Complete 
| 214|0x0000000710e00000, 0x0000000710f00000, 0x0000000710f00000|100%| E|CS|TAMS 0x0000000710e00000, 0x0000000710e00000| Complete 
| 215|0x0000000710f00000, 0x0000000711000000, 0x0000000711000000|100%| E|CS|TAMS 0x0000000710f00000, 0x0000000710f00000| Complete 
| 216|0x0000000711000000, 0x0000000711100000, 0x0000000711100000|100%| E|CS|TAMS 0x0000000711000000, 0x0000000711000000| Complete 
| 217|0x0000000711100000, 0x0000000711200000, 0x0000000711200000|100%| E|CS|TAMS 0x0000000711100000, 0x0000000711100000| Complete 
| 218|0x0000000711200000, 0x0000000711300000, 0x0000000711300000|100%| E|CS|TAMS 0x0000000711200000, 0x0000000711200000| Complete 
| 219|0x0000000711300000, 0x0000000711400000, 0x0000000711400000|100%| E|CS|TAMS 0x0000000711300000, 0x0000000711300000| Complete 
| 220|0x0000000711400000, 0x0000000711500000, 0x0000000711500000|100%| E|CS|TAMS 0x0000000711400000, 0x0000000711400000| Complete 
| 221|0x0000000711500000, 0x0000000711600000, 0x0000000711600000|100%| E|CS|TAMS 0x0000000711500000, 0x0000000711500000| Complete 
| 222|0x0000000711600000, 0x0000000711700000, 0x0000000711700000|100%| E|CS|TAMS 0x0000000711600000, 0x0000000711600000| Complete 
| 223|0x0000000711700000, 0x0000000711800000, 0x0000000711800000|100%| E|CS|TAMS 0x0000000711700000, 0x0000000711700000| Complete 
| 224|0x0000000711800000, 0x0000000711900000, 0x0000000711900000|100%| E|CS|TAMS 0x0000000711800000, 0x0000000711800000| Complete 
| 225|0x0000000711900000, 0x0000000711a00000, 0x0000000711a00000|100%| E|CS|TAMS 0x0000000711900000, 0x0000000711900000| Complete 
| 226|0x0000000711a00000, 0x0000000711b00000, 0x0000000711b00000|100%| E|CS|TAMS 0x0000000711a00000, 0x0000000711a00000| Complete 
| 227|0x0000000711b00000, 0x0000000711c00000, 0x0000000711c00000|100%| E|CS|TAMS 0x0000000711b00000, 0x0000000711b00000| Complete 
| 228|0x0000000711c00000, 0x0000000711d00000, 0x0000000711d00000|100%| E|CS|TAMS 0x0000000711c00000, 0x0000000711c00000| Complete 
| 229|0x0000000711d00000, 0x0000000711e00000, 0x0000000711e00000|100%| E|CS|TAMS 0x0000000711d00000, 0x0000000711d00000| Complete 
| 230|0x0000000711e00000, 0x0000000711f00000, 0x0000000711f00000|100%| E|CS|TAMS 0x0000000711e00000, 0x0000000711e00000| Complete 
| 231|0x0000000711f00000, 0x0000000712000000, 0x0000000712000000|100%| E|CS|TAMS 0x0000000711f00000, 0x0000000711f00000| Complete 
| 232|0x0000000712000000, 0x0000000712100000, 0x0000000712100000|100%| E|CS|TAMS 0x0000000712000000, 0x0000000712000000| Complete 
| 233|0x0000000712100000, 0x0000000712200000, 0x0000000712200000|100%| E|CS|TAMS 0x0000000712100000, 0x0000000712100000| Complete 
| 234|0x0000000712200000, 0x0000000712300000, 0x0000000712300000|100%| E|CS|TAMS 0x0000000712200000, 0x0000000712200000| Complete 
| 235|0x0000000712300000, 0x0000000712400000, 0x0000000712400000|100%| E|CS|TAMS 0x0000000712300000, 0x0000000712300000| Complete 
| 236|0x0000000712400000, 0x0000000712500000, 0x0000000712500000|100%| E|CS|TAMS 0x0000000712400000, 0x0000000712400000| Complete 
| 237|0x0000000712500000, 0x0000000712600000, 0x0000000712600000|100%| E|CS|TAMS 0x0000000712500000, 0x0000000712500000| Complete 
| 238|0x0000000712600000, 0x0000000712700000, 0x0000000712700000|100%| E|CS|TAMS 0x0000000712600000, 0x0000000712600000| Complete 
| 239|0x0000000712700000, 0x0000000712800000, 0x0000000712800000|100%| E|CS|TAMS 0x0000000712700000, 0x0000000712700000| Complete 
| 240|0x0000000712800000, 0x0000000712900000, 0x0000000712900000|100%| E|CS|TAMS 0x0000000712800000, 0x0000000712800000| Complete 
| 241|0x0000000712900000, 0x0000000712a00000, 0x0000000712a00000|100%| E|CS|TAMS 0x0000000712900000, 0x0000000712900000| Complete 
| 242|0x0000000712a00000, 0x0000000712b00000, 0x0000000712b00000|100%| E|CS|TAMS 0x0000000712a00000, 0x0000000712a00000| Complete 
| 243|0x0000000712b00000, 0x0000000712c00000, 0x0000000712c00000|100%| E|CS|TAMS 0x0000000712b00000, 0x0000000712b00000| Complete 
| 244|0x0000000712c00000, 0x0000000712d00000, 0x0000000712d00000|100%| E|CS|TAMS 0x0000000712c00000, 0x0000000712c00000| Complete 
| 245|0x0000000712d00000, 0x0000000712e00000, 0x0000000712e00000|100%| E|CS|TAMS 0x0000000712d00000, 0x0000000712d00000| Complete 
| 246|0x0000000712e00000, 0x0000000712f00000, 0x0000000712f00000|100%| E|CS|TAMS 0x0000000712e00000, 0x0000000712e00000| Complete 
| 247|0x0000000712f00000, 0x0000000713000000, 0x0000000713000000|100%| E|CS|TAMS 0x0000000712f00000, 0x0000000712f00000| Complete 
| 248|0x0000000713000000, 0x0000000713100000, 0x0000000713100000|100%| E|CS|TAMS 0x0000000713000000, 0x0000000713000000| Complete 
| 249|0x0000000713100000, 0x0000000713200000, 0x0000000713200000|100%| E|CS|TAMS 0x0000000713100000, 0x0000000713100000| Complete 
| 250|0x0000000713200000, 0x0000000713300000, 0x0000000713300000|100%| E|CS|TAMS 0x0000000713200000, 0x0000000713200000| Complete 
| 251|0x0000000713300000, 0x0000000713400000, 0x0000000713400000|100%| E|CS|TAMS 0x0000000713300000, 0x0000000713300000| Complete 
| 252|0x0000000713400000, 0x0000000713500000, 0x0000000713500000|100%| E|CS|TAMS 0x0000000713400000, 0x0000000713400000| Complete 
| 253|0x0000000713500000, 0x0000000713600000, 0x0000000713600000|100%| E|CS|TAMS 0x0000000713500000, 0x0000000713500000| Complete 

Card table byte_map: [0x000001a91f000000,0x000001a91f7f0000] _byte_map_base: 0x000001a91b7e4000

Marking Bits (Prev, Next): (CMBitMap*) 0x000001a9070c0b78, (CMBitMap*) 0x000001a9070c0bb0
 Prev Bits: [0x000001a91ffe0000, 0x000001a923f00000)
 Next Bits: [0x000001a923f00000, 0x000001a927e20000)

Polling page: 0x000001a904f50000

Metaspace:

Usage:
  Non-class:     50.23 MB capacity,    49.27 MB ( 98%) used,   791.76 KB (  2%) free+waste,   189.75 KB ( <1%) overhead. 
      Class:      8.00 MB capacity,     7.40 MB ( 93%) used,   517.11 KB (  6%) free+waste,    91.94 KB (  1%) overhead. 
       Both:     58.23 MB capacity,    56.68 MB ( 97%) used,     1.28 MB (  2%) free+waste,   281.69 KB ( <1%) overhead. 

Virtual space:
  Non-class space:       52.00 MB reserved,      50.25 MB ( 97%) committed 
      Class space:        1.00 GB reserved,       8.00 MB ( <1%) committed 
             Both:        1.05 GB reserved,      58.25 MB (  5%) committed 

Chunk freelists:
   Non-Class:  2.25 KB
       Class:  256 bytes
        Both:  2.50 KB

CodeHeap 'non-profiled nmethods': size=238336Kb used=8287Kb max_used=8287Kb free=230048Kb
 bounds [0x000001a90fc20000, 0x000001a910440000, 0x000001a91e4e0000]
CodeHeap 'non-nmethods': size=7424Kb used=1324Kb max_used=1324Kb free=6099Kb
 bounds [0x000001a90f4e0000, 0x000001a90f750000, 0x000001a90fc20000]
 total_blobs=5573 nmethods=4968 adapters=538
 compilation: enabled
              stopped_count=0, restarted_count=0
 full_count=0

Compilation events (10 events):
Event: 15.360 Thread 0x000001a92a9c9800 4964       1       com.mysql.cj.result.Field::getName (8 bytes)
Event: 15.360 Thread 0x000001a92a9c9800 nmethod 4964 0x000001a910435310 code [0x000001a9104354c0, 0x000001a9104355c8]
Event: 15.361 Thread 0x000001a92a9c9800 4965       1       com.mysql.cj.protocol.result.AbstractResultsetRow::getValueFromBytes (46 bytes)
Event: 15.361 Thread 0x000001a92a9c9800 nmethod 4965 0x000001a910435690 code [0x000001a910435840, 0x000001a9104359e8]
Event: 15.361 Thread 0x000001a92a9c9800 4966       1       java.util.PropertyResourceBundle::handleGetObject (23 bytes)
Event: 15.361 Thread 0x000001a92a9c9800 nmethod 4966 0x000001a910435a90 code [0x000001a910435c40, 0x000001a910435df8]
Event: 15.362 Thread 0x000001a92a9c9800 4967       1       org.jboss.logging.Log4j2Logger::isEnabled (12 bytes)
Event: 15.362 Thread 0x000001a92a9c9800 nmethod 4967 0x000001a910435f10 code [0x000001a9104360c0, 0x000001a910436258]
Event: 15.373 Thread 0x000001a92a9c9800 4968       1       org.springframework.beans.factory.support.AbstractAutowireCapableBeanFactory::populateBean (396 bytes)
Event: 15.375 Thread 0x000001a92a9c9800 nmethod 4968 0x000001a910436390 code [0x000001a9104366e0, 0x000001a910437718]

GC Heap History (10 events):
Event: 10.661 GC heap before
{Heap before GC invocations=2 (full 0):
 garbage-first heap   total 260096K, used 44580K [0x0000000703800000, 0x0000000800000000)
  region size 1024K, 37 young (37888K), 2 survivors (2048K)
 Metaspace       used 20454K, capacity 21114K, committed 21376K, reserved 1069056K
  class space    used 2317K, capacity 2580K, committed 2688K, reserved 1048576K
}
Event: 10.667 GC heap after
{Heap after GC invocations=3 (full 0):
 garbage-first heap   total 260096K, used 11166K [0x0000000703800000, 0x0000000800000000)
  region size 1024K, 4 young (4096K), 4 survivors (4096K)
 Metaspace       used 20454K, capacity 21114K, committed 21376K, reserved 1069056K
  class space    used 2317K, capacity 2580K, committed 2688K, reserved 1048576K
}
Event: 11.085 GC heap before
{Heap before GC invocations=4 (full 0):
 garbage-first heap   total 260096K, used 66462K [0x0000000703800000, 0x0000000800000000)
  region size 1024K, 59 young (60416K), 4 survivors (4096K)
 Metaspace       used 26449K, capacity 27376K, committed 27648K, reserved 1073152K
  class space    used 3177K, capacity 3514K, committed 3584K, reserved 1048576K
}
Event: 11.092 GC heap after
{Heap after GC invocations=5 (full 0):
 garbage-first heap   total 260096K, used 12924K [0x0000000703800000, 0x0000000800000000)
  region size 1024K, 5 young (5120K), 5 survivors (5120K)
 Metaspace       used 26449K, capacity 27376K, committed 27648K, reserved 1073152K
  class space    used 3177K, capacity 3514K, committed 3584K, reserved 1048576K
}
Event: 12.367 GC heap before
{Heap before GC invocations=5 (full 0):
 garbage-first heap   total 260096K, used 162428K [0x0000000703800000, 0x0000000800000000)
  region size 1024K, 152 young (155648K), 5 survivors (5120K)
 Metaspace       used 29783K, capacity 30759K, committed 30976K, reserved 1077248K
  class space    used 3655K, capacity 4022K, committed 4096K, reserved 1048576K
}
Event: 12.376 GC heap after
{Heap after GC invocations=6 (full 0):
 garbage-first heap   total 260096K, used 16036K [0x0000000703800000, 0x0000000800000000)
  region size 1024K, 8 young (8192K), 8 survivors (8192K)
 Metaspace       used 29783K, capacity 30759K, committed 30976K, reserved 1077248K
  class space    used 3655K, capacity 4022K, committed 4096K, reserved 1048576K
}
Event: 13.231 GC heap before
{Heap before GC invocations=6 (full 0):
 garbage-first heap   total 260096K, used 87716K [0x0000000703800000, 0x0000000800000000)
  region size 1024K, 79 young (80896K), 8 survivors (8192K)
 Metaspace       used 34389K, capacity 35507K, committed 35584K, reserved 1079296K
  class space    used 4352K, capacity 4818K, committed 4864K, reserved 1048576K
}
Event: 13.242 GC heap after
{Heap after GC invocations=7 (full 0):
 garbage-first heap   total 260096K, used 18509K [0x0000000703800000, 0x0000000800000000)
  region size 1024K, 11 young (11264K), 11 survivors (11264K)
 Metaspace       used 34389K, capacity 35507K, committed 35584K, reserved 1079296K
  class space    used 4352K, capacity 4818K, committed 4864K, reserved 1048576K
}
Event: 14.501 GC heap before
{Heap before GC invocations=8 (full 0):
 garbage-first heap   total 260096K, used 162893K [0x0000000703800000, 0x0000000800000000)
  region size 1024K, 152 young (155648K), 11 survivors (11264K)
 Metaspace       used 46555K, capacity 47990K, committed 48128K, reserved 1091584K
  class space    used 5811K, capacity 6362K, committed 6400K, reserved 1048576K
}
Event: 14.514 GC heap after
{Heap after GC invocations=9 (full 0):
 garbage-first heap   total 260096K, used 24532K [0x0000000703800000, 0x0000000800000000)
  region size 1024K, 15 young (15360K), 15 survivors (15360K)
 Metaspace       used 46555K, capacity 47990K, committed 48128K, reserved 1091584K
  class space    used 5811K, capacity 6362K, committed 6400K, reserved 1048576K
}

Deoptimization events (0 events):
No events

Classes redefined (0 events):
No events

Internal exceptions (10 events):
Event: 13.949 Thread 0x000001a907061800 Exception <a 'java/io/FileNotFoundException'{0x000000070c5dccb0}> (0x000000070c5dccb0) thrown at [./open/src/hotspot/share/prims/jni.cpp, line 611]
Event: 13.986 Thread 0x000001a907061800 Exception <a 'java/lang/NoSuchMethodError'{0x000000070c105988}: java.lang.invoke.DirectMethodHandle$Holder.invokeVirtual(Ljava/lang/Object;Ljava/lang/Object;Ljava/lang/Object;Ljava/lang/Object;)V> (0x000000070c105988) thrown at [./open/src/hotspot/share/i
Event: 14.050 Thread 0x000001a92cd4e000 Exception <a 'java/lang/reflect/InvocationTargetException'{0x000000071209d500}> (0x000000071209d500) thrown at [./open/src/hotspot/share/runtime/reflection.cpp, line 1242]
Event: 14.198 Thread 0x000001a907061800 Exception <a 'sun/nio/fs/WindowsException'{0x000000070b063b10}> (0x000000070b063b10) thrown at [./open/src/hotspot/share/prims/jni.cpp, line 611]
Event: 14.207 Thread 0x000001a907061800 Exception <a 'java/lang/NoSuchMethodError'{0x000000070b09b628}: java.lang.invoke.DirectMethodHandle$Holder.invokeStaticInit(Ljava/lang/Object;Ljava/lang/Object;Ljava/lang/Object;Ljava/lang/Object;)I> (0x000000070b09b628) thrown at [./open/src/hotspot/shar
Event: 14.563 Thread 0x000001a92cd4e000 Exception <a 'java/lang/reflect/InvocationTargetException'{0x0000000712c7ede8}> (0x0000000712c7ede8) thrown at [./open/src/hotspot/share/runtime/reflection.cpp, line 1242]
Event: 14.963 Thread 0x000001a907061800 Exception <a 'java/lang/NoSuchMethodError'{0x000000071008ce18}: java.lang.invoke.DirectMethodHandle$Holder.newInvokeSpecial(Ljava/lang/Object;Ljava/lang/Object;ILjava/lang/Object;Ljava/lang/Object;)Ljava/lang/Object;> (0x000000071008ce18) thrown at [./ope
Event: 15.078 Thread 0x000001a92cd4e000 Exception <a 'java/lang/reflect/InvocationTargetException'{0x0000000712c8bf28}> (0x0000000712c8bf28) thrown at [./open/src/hotspot/share/runtime/reflection.cpp, line 1242]
Event: 15.264 Thread 0x000001a907061800 Exception <a 'java/lang/NoSuchMethodError'{0x000000070e7a8b40}: java.lang.invoke.DirectMethodHandle$Holder.invokeInterface(Ljava/lang/Object;Ljava/lang/Object;)V> (0x000000070e7a8b40) thrown at [./open/src/hotspot/share/interpreter/linkResolver.cpp, line 
Event: 15.276 Thread 0x000001a907061800 Exception <a 'java/lang/NoSuchMethodError'{0x000000070e6ae6c8}: java.lang.invoke.DirectMethodHandle$Holder.invokeStaticInit(Ljava/lang/Object;Ljava/lang/Object;Ljava/lang/Object;Ljava/lang/Object;II)Ljava/lang/Object;> (0x000000070e6ae6c8) thrown at [./op

Events (10 events):
Event: 15.371 loading class javax/sql/DataSource done
Event: 15.373 Thread 0x000001a907061800 DEOPT PACKING pc=0x000001a90ffb0544 sp=0x0000007b5befdba0
Event: 15.373 Thread 0x000001a907061800 DEOPT UNPACKING pc=0x000001a90f51c44e sp=0x0000007b5befd0c0 mode 1
Event: 15.373 Thread 0x000001a907061800 DEOPT PACKING pc=0x000001a91021a974 sp=0x0000007b5befdc80
Event: 15.373 Thread 0x000001a907061800 DEOPT UNPACKING pc=0x000001a90f51c44e sp=0x0000007b5befd140 mode 1
Event: 15.373 Thread 0x000001a907061800 DEOPT PACKING pc=0x000001a90ffb0544 sp=0x0000007b5befdea0
Event: 15.373 Thread 0x000001a907061800 DEOPT UNPACKING pc=0x000001a90f51c44e sp=0x0000007b5befd3c0 mode 1
Event: 15.373 Thread 0x000001a907061800 DEOPT PACKING pc=0x000001a91021a974 sp=0x0000007b5befdf80
Event: 15.373 Thread 0x000001a907061800 DEOPT UNPACKING pc=0x000001a90f51c44e sp=0x0000007b5befd440 mode 1
Event: 15.376 Executing VM operation: ChangeBreakpoints


Dynamic libraries:
0x00007ff7b6f80000 - 0x00007ff7b6f8f000 	C:\Program Files\Java\jdk-11.0.10\bin\java.exe
0x00007fffab1d0000 - 0x00007fffab3c5000 	C:\Windows\SYSTEM32\ntdll.dll
0x00007fffaaf70000 - 0x00007fffab02d000 	C:\Windows\System32\KERNEL32.DLL
0x00007fffa8bf0000 - 0x00007fffa8eb8000 	C:\Windows\System32\KERNELBASE.dll
0x00007fffa8910000 - 0x00007fffa8a10000 	C:\Windows\System32\ucrtbase.dll
0x00007fff94210000 - 0x00007fff94228000 	C:\Program Files\Java\jdk-11.0.10\bin\jli.dll
0x00007fffa9350000 - 0x00007fffa93fc000 	C:\Windows\System32\ADVAPI32.dll
0x00007fff94230000 - 0x00007fff94245000 	C:\Program Files\Java\jdk-11.0.10\bin\VCRUNTIME140.dll
0x00007fffaa350000 - 0x00007fffaa3ee000 	C:\Windows\System32\msvcrt.dll
0x00007fffaa3f0000 - 0x00007fffaa48b000 	C:\Windows\System32\sechost.dll
0x00007fffaa900000 - 0x00007fffaaa2b000 	C:\Windows\System32\RPCRT4.dll
0x00007fffa9900000 - 0x00007fffa9aa0000 	C:\Windows\System32\USER32.dll
0x00007fffa8b10000 - 0x00007fffa8b32000 	C:\Windows\System32\win32u.dll
0x00007fffab160000 - 0x00007fffab18a000 	C:\Windows\System32\GDI32.dll
0x00007fffa8f20000 - 0x00007fffa902b000 	C:\Windows\System32\gdi32full.dll
0x00007fffa9190000 - 0x00007fffa922d000 	C:\Windows\System32\msvcp_win.dll
0x00007fff7a300000 - 0x00007fff7a59a000 	C:\Windows\WinSxS\amd64_microsoft.windows.common-controls_6595b64144ccf1df_6.0.19041.844_none_ca00b6081b84eb1d\COMCTL32.dll
0x00007fffa11a0000 - 0x00007fffa11aa000 	C:\Windows\SYSTEM32\VERSION.dll
0x00007fffaaf40000 - 0x00007fffaaf70000 	C:\Windows\System32\IMM32.DLL
0x00007fff93e10000 - 0x00007fff93eab000 	C:\Program Files\Java\jdk-11.0.10\bin\msvcp140.dll
0x00007fff5af20000 - 0x00007fff5ba1b000 	C:\Program Files\Java\jdk-11.0.10\bin\server\jvm.dll
0x00007fffaa2d0000 - 0x00007fffaa2d8000 	C:\Windows\System32\PSAPI.DLL
0x00007fff805c0000 - 0x00007fff805e7000 	C:\Windows\SYSTEM32\WINMM.dll
0x00007fff8a200000 - 0x00007fff8a209000 	C:\Windows\SYSTEM32\WSOCK32.dll
0x00007fffaae20000 - 0x00007fffaae8b000 	C:\Windows\System32\WS2_32.dll
0x00007fffa71a0000 - 0x00007fffa71b2000 	C:\Windows\SYSTEM32\kernel.appcore.dll
0x00007fff9fcb0000 - 0x00007fff9fcc0000 	C:\Program Files\Java\jdk-11.0.10\bin\verify.dll
0x00007fffa5de0000 - 0x00007fffa5fc4000 	C:\Windows\SYSTEM32\DBGHELP.DLL
0x00007fff86690000 - 0x00007fff866bc000 	C:\Windows\SYSTEM32\dbgcore.DLL
0x00007fffa8a60000 - 0x00007fffa8ae0000 	C:\Windows\System32\bcryptPrimitives.dll
0x00007fff93de0000 - 0x00007fff93e08000 	C:\Program Files\Java\jdk-11.0.10\bin\java.dll
0x00007fff94200000 - 0x00007fff9420a000 	C:\Program Files\Java\jdk-11.0.10\bin\jimage.dll
0x00007fff93640000 - 0x00007fff93678000 	C:\Program Files\Java\jdk-11.0.10\bin\jdwp.dll
0x00007fff93710000 - 0x00007fff9371e000 	C:\Program Files\Java\jdk-11.0.10\bin\instrument.dll
0x00007fff93d90000 - 0x00007fff93da6000 	C:\Program Files\Java\jdk-11.0.10\bin\zip.dll
0x00007fffa9b80000 - 0x00007fffaa2c2000 	C:\Windows\System32\SHELL32.dll
0x00007fffa6a00000 - 0x00007fffa7190000 	C:\Windows\SYSTEM32\windows.storage.dll
0x00007fffaaa30000 - 0x00007fffaad85000 	C:\Windows\System32\combase.dll
0x00007fffa81e0000 - 0x00007fffa820c000 	C:\Windows\SYSTEM32\Wldp.dll
0x00007fffa95b0000 - 0x00007fffa965e000 	C:\Windows\System32\SHCORE.dll
0x00007fffa9400000 - 0x00007fffa9455000 	C:\Windows\System32\shlwapi.dll
0x00007fffa8850000 - 0x00007fffa886f000 	C:\Windows\SYSTEM32\profapi.dll
0x00007fff93700000 - 0x00007fff9370a000 	C:\Program Files\Java\jdk-11.0.10\bin\dt_socket.dll
0x00007fffa7fc0000 - 0x00007fffa802a000 	C:\Windows\system32\mswsock.dll
0x00007fff93d70000 - 0x00007fff93d89000 	C:\Program Files\Java\jdk-11.0.10\bin\net.dll
0x00007fffa3320000 - 0x00007fffa342b000 	C:\Windows\SYSTEM32\WINHTTP.dll
0x00007fff93d50000 - 0x00007fff93d62000 	C:\Program Files\Java\jdk-11.0.10\bin\nio.dll
0x00007fffa7d10000 - 0x00007fffa7ddc000 	C:\Windows\SYSTEM32\DNSAPI.dll
0x00007fffa7cd0000 - 0x00007fffa7d0b000 	C:\Windows\SYSTEM32\IPHLPAPI.DLL
0x00007fffa95a0000 - 0x00007fffa95a8000 	C:\Windows\System32\NSI.dll
0x00007fffa0960000 - 0x00007fffa096a000 	C:\Windows\System32\rasadhlp.dll
0x00007fff98fc0000 - 0x00007fff9903f000 	C:\Windows\System32\fwpuclnt.dll
0x00007fffa8ae0000 - 0x00007fffa8b07000 	C:\Windows\System32\bcrypt.dll
0x00007fff93630000 - 0x00007fff93639000 	C:\Program Files\Java\jdk-11.0.10\bin\management.dll
0x00007fff93620000 - 0x00007fff9362b000 	C:\Program Files\Java\jdk-11.0.10\bin\management_ext.dll
0x00007fffa1270000 - 0x00007fffa1287000 	C:\Windows\SYSTEM32\dhcpcsvc6.DLL
0x00007fffa0f20000 - 0x00007fffa0f3d000 	C:\Windows\SYSTEM32\dhcpcsvc.DLL
0x00007fff7e630000 - 0x00007fff7e647000 	C:\Windows\system32\napinsp.dll
0x00007fff7e610000 - 0x00007fff7e62b000 	C:\Windows\system32\pnrpnsp.dll
0x00007fffa2e90000 - 0x00007fffa2ea5000 	C:\Windows\system32\wshbth.dll
0x00007fffa3ce0000 - 0x00007fffa3cfd000 	C:\Windows\system32\NLAapi.dll
0x00007fff7e5f0000 - 0x00007fff7e602000 	C:\Windows\System32\winrnr.dll
0x00007fff934a0000 - 0x00007fff934c5000 	C:\Program Files\Java\jdk-11.0.10\bin\sunec.dll
0x00007fff93460000 - 0x00007fff9346d000 	C:\Program Files\Java\jdk-11.0.10\bin\sunmscapi.dll
0x00007fffa9030000 - 0x00007fffa918f000 	C:\Windows\System32\CRYPT32.dll
0x00007fffa8380000 - 0x00007fffa83a7000 	C:\Windows\SYSTEM32\ncrypt.dll
0x00007fffa8340000 - 0x00007fffa837b000 	C:\Windows\SYSTEM32\NTASN1.dll

dbghelp: loaded successfully - version: 4.0.5 - missing functions: none
symbol engine: initialized successfully - sym options: 0x614 - pdb path: .;C:\Program Files\Java\jdk-11.0.10\bin;C:\Windows\SYSTEM32;C:\Windows\WinSxS\amd64_microsoft.windows.common-controls_6595b64144ccf1df_6.0.19041.844_none_ca00b6081b84eb1d;C:\Program Files\Java\jdk-11.0.10\bin\server

VM Arguments:
jvm_args: -agentlib:jdwp=transport=dt_socket,address=127.0.0.1:52077,suspend=y,server=n -XX:TieredStopAtLevel=1 -Xverify:none -Dspring.output.ansi.enabled=always -javaagent:C:\Users\Diogo\AppData\Local\JetBrains\IntelliJIdea2021.1\captureAgent\debugger-agent.jar -Dcom.sun.management.jmxremote -Dspring.jmx.enabled=true -Dspring.liveBeansView.mbeanDomain -Dspring.application.admin.enabled=true -Dfile.encoding=UTF-8 
java_command: br.com.zup.PropostaApplication
java_class_path (initial): C:\Users\Diogo\Desktop\DESAFIOS\orange-talents-04-template-proposta\target\classes;C:\Users\Diogo\.m2\repository\org\springframework\boot\spring-boot-starter-data-jpa\2.3.10.RELEASE\spring-boot-starter-data-jpa-2.3.10.RELEASE.jar;C:\Users\Diogo\.m2\repository\org\springframework\boot\spring-boot-starter-aop\2.3.10.RELEASE\spring-boot-starter-aop-2.3.10.RELEASE.jar;C:\Users\Diogo\.m2\repository\org\springframework\spring-aop\5.2.14.RELEASE\spring-aop-5.2.14.RELEASE.jar;C:\Users\Diogo\.m2\repository\org\aspectj\aspectjweaver\1.9.6\aspectjweaver-1.9.6.jar;C:\Users\Diogo\.m2\repository\org\springframework\boot\spring-boot-starter-jdbc\2.3.10.RELEASE\spring-boot-starter-jdbc-2.3.10.RELEASE.jar;C:\Users\Diogo\.m2\repository\com\zaxxer\HikariCP\3.4.5\HikariCP-3.4.5.jar;C:\Users\Diogo\.m2\repository\org\springframework\spring-jdbc\5.2.14.RELEASE\spring-jdbc-5.2.14.RELEASE.jar;C:\Users\Diogo\.m2\repository\jakarta\transaction\jakarta.transaction-api\1.3.3\jakarta.transaction-api-1.3.3.jar;C:\Users\Diogo\.m2\repository\jakarta\persistence\jakarta.persistence-api\2.2.3\jakarta.persistence-api-2.2.3.jar;C:\Users\Diogo\.m2\repository\org\hibernate\hibernate-core\5.4.30.Final\hibernate-core-5.4.30.Final.jar;C:\Users\Diogo\.m2\repository\org\jboss\logging\jboss-logging\3.4.1.Final\jboss-logging-3.4.1.Final.jar;C:\Users\Diogo\.m2\repository\org\javassist\javassist\3.27.0-GA\javassist-3.27.0-GA.jar;C:\Users\Diogo\.m2\repository\net\bytebuddy\byte-buddy\1.10.22\byte-buddy-1.10.22.jar;C:\Users\Diogo\.m2\repository\antlr\antlr\2.7.7\antlr-2.7.7.jar;C:\Users\Diogo\.m2\repository\org\jboss\jandex\2.2.3.Final\jandex-2.2.3.Final.jar;C:\Users\Diogo\.m2\repository\com\fasterxml\classmate\1.5.1\classmate-1.5.1.jar;C:\Users\Diogo\.m2\repository\org\dom4j\dom4j\2.1.3\dom4j-2.1.3.jar;C:\Users\Diogo\.m2\repository\org\hibernate\common\hibernate-commons-annotations\5.1.2.Final\hibernate-commons-annotations-5.1.2.Final.jar;C:\Users\Diogo\.m2\repository\org\glassfish\jax
Launcher Type: SUN_STANDARD

[Global flags]
     bool BytecodeVerificationLocal                = false                                     {product} {command line}
     bool BytecodeVerificationRemote               = false                                     {product} {command line}
     intx CICompilerCount                          = 4                                         {product} {ergonomic}
     uint ConcGCThreads                            = 2                                         {product} {ergonomic}
     uint G1ConcRefinementThreads                  = 8                                         {product} {ergonomic}
   size_t G1HeapRegionSize                         = 1048576                                   {product} {ergonomic}
    uintx GCDrainStackTargetSize                   = 64                                        {product} {ergonomic}
   size_t InitialHeapSize                          = 266338304                                 {product} {ergonomic}
     bool ManagementServer                         = true                                      {product} {command line}
   size_t MarkStackSize                            = 4194304                                   {product} {ergonomic}
   size_t MaxHeapSize                              = 4236247040                                {product} {ergonomic}
   size_t MaxNewSize                               = 2541748224                                {product} {ergonomic}
   size_t MinHeapDeltaBytes                        = 1048576                                   {product} {ergonomic}
    uintx NonNMethodCodeHeapSize                   = 7549744                                {pd product} {ergonomic}
    uintx NonProfiledCodeHeapSize                  = 244108496                              {pd product} {ergonomic}
    uintx ProfiledCodeHeapSize                     = 0                                      {pd product} {ergonomic}
    uintx ReservedCodeCacheSize                    = 251658240                              {pd product} {ergonomic}
     bool SegmentedCodeCache                       = true                                      {product} {ergonomic}
     intx TieredStopAtLevel                        = 1                                         {product} {command line}
     bool UseCompressedClassPointers               = true                                 {lp64_product} {ergonomic}
     bool UseCompressedOops                        = true                                 {lp64_product} {ergonomic}
     bool UseG1GC                                  = true                                      {product} {ergonomic}
     bool UseLargePagesIndividualAllocation        = false                                  {pd product} {ergonomic}

Logging:
Log output configuration:
 #0: stdout all=warning uptime,level,tags
 #1: stderr all=off uptime,level,tags

Environment Variables:
JAVA_HOME=C:\Program Files\Java\jdk-11.0.10
PATH=C:\Program Files\Common Files\Oracle\Java\javapath;C:\Windows\system32;C:\Windows;C:\Windows\System32\Wbem;C:\Windows\System32\WindowsPowerShell\v1.0\;C:\Windows\System32\OpenSSH\;C:\Program Files\Docker\Docker\resources\bin;C:\ProgramData\DockerDesktop\version-bin;C:\Program Files\Git\cmd;C:\Program Files\MySQL\MySQL Shell 8.0\bin\;C:\Users\Diogo\AppData\Local\Microsoft\WindowsApps;;C:\Program Files\JetBrains\IntelliJ IDEA Community Edition 2021.1\bin;;C:\Users\Diogo\AppData\Local\Programs\Microsoft VS Code\bin
USERNAME=Diogo
OS=Windows_NT
PROCESSOR_IDENTIFIER=Intel64 Family 6 Model 142 Stepping 12, GenuineIntel



---------------  S Y S T E M  ---------------

OS: Windows 10 , 64 bit Build 19041 (10.0.19041.928)
Hyper-V role detected

CPU:total 8 (initial active 8) (4 cores per cpu, 2 threads per core) family 6 model 142 stepping 12 microcode 0xde, cmov, cx8, fxsr, mmx, sse, sse2, sse3, ssse3, sse4.1, sse4.2, popcnt, avx, avx2, aes, clmul, erms, 3dnowpref, lzcnt, ht, tsc, tscinvbit, bmi1, bmi2, adx, fma

Memory: 4k page, system-wide physical 16159M (2225M free)
TotalPageFile size 25945M (AvailPageFile size 2611M)
current process WorkingSet (physical memory assigned to process): 309M, peak: 309M
current process commit charge ("private bytes"): 430M, peak: 430M

vm_info: Java HotSpot(TM) 64-Bit Server VM (11.0.10+8-LTS-162) for windows-amd64 JRE (11.0.10+8-LTS-162), built on Dec  8 2020 16:32:57 by "mach5one" with MS VC++ 15.9 (VS2017)

END.
